#
# There is insufficient memory for the Java Runtime Environment to continue.
# Native memory allocation (malloc) failed to allocate 1048576 bytes for AllocateHeap
# Possible reasons:
#   The system is out of physical RAM or swap space
#   In 32 bit mode, the process size limit was hit
# Possible solutions:
#   Reduce memory load on the system
#   Increase physical memory or swap space
#   Check if swap backing store is full
#   Use 64 bit Java on a 64 bit OS
#   Decrease Java heap size (-Xmx/-Xms)
#   Decrease number of Java threads
#   Decrease Java thread stack sizes (-Xss)
#   Set larger code cache with -XX:ReservedCodeCacheSize=
# This output file may be truncated or incomplete.
#
#  Out of Memory Error (memory/allocation.inline.hpp:61), pid=800, tid=0x000000000000345c
#
# JRE version:  (8.0_171-b11) (build )
# Java VM: Java HotSpot(TM) 64-Bit Server VM (25.171-b11 mixed mode windows-amd64 compressed oops)
# Failed to write core dump. Minidumps are not enabled by default on client versions of Windows
#

---------------  T H R E A D  ---------------

Current thread (0x0000000004cae000):  JavaThread "Unknown thread" [_thread_in_vm, id=13404, stack(0x0000000004b10000,0x0000000004c10000)]

Stack: [0x0000000004b10000,0x0000000004c10000]
[error occurred during error reporting (printing stack bounds), id 0xc0000005]

Native frames: (J=compiled Java code, j=interpreted, Vv=VM code, C=native code)


---------------  P R O C E S S  ---------------

Java Threads: ( => current thread )

Other Threads:

=>0x0000000004cae000 (exited) JavaThread "Unknown thread" [_thread_in_vm, id=13404, stack(0x0000000004b10000,0x0000000004c10000)]

VM state:not at safepoint (normal execution)

VM Mutex/Monitor currently owned by a thread: None

Heap:
 PSYoungGen      total 18944K, used 327K [0x00000000eb200000, 0x00000000ec700000, 0x0000000100000000)
  eden space 16384K, 2% used [0x00000000eb200000,0x00000000eb251ec8,0x00000000ec200000)
  from space 2560K, 0% used [0x00000000ec480000,0x00000000ec480000,0x00000000ec700000)
  to   space 2560K, 0% used [0x00000000ec200000,0x00000000ec200000,0x00000000ec480000)
 ParOldGen       total 44032K, used 0K [0x00000000c1600000, 0x00000000c4100000, 0x00000000eb200000)
  object space 44032K, 0% used [0x00000000c1600000,0x00000000c1600000,0x00000000c4100000)
 Metaspace       used 750K, capacity 4480K, committed 4480K, reserved 1056768K
  class space    used 76K, capacity 384K, committed 384K, reserved 1048576K

Card table byte_map: [0x0000000014170000,0x0000000014370000] byte_map_base: 0x0000000013b65000

Marking Bits: (ParMarkBitMap*) 0x00000000757308c0
 Begin Bits: [0x00000000148c0000, 0x0000000015868000)
 End Bits:   [0x0000000015868000, 0x0000000016810000)

Polling page: 0x00000000032e0000

CodeCache: size=245760Kb used=328Kb max_used=328Kb free=245431Kb
 bounds [0x0000000004db0000, 0x0000000005020000, 0x0000000013db0000]
 total_blobs=58 nmethods=0 adapters=38
 compilation: enabled

Compilation events (0 events):
No events

GC Heap History (0 events):
No events

Deoptimization events (0 events):
No events

Classes redefined (0 events):
No events

Internal exceptions (0 events):
No events

Events (10 events):
Event: 0.087 loading class java/lang/Short
Event: 0.088 loading class java/lang/Short done
Event: 0.088 loading class java/lang/Integer
Event: 0.088 loading class java/lang/Integer done
Event: 0.088 loading class java/lang/Long
Event: 0.088 loading class java/lang/Long done
Event: 0.091 loading class java/lang/NullPointerException
Event: 0.091 loading class java/lang/NullPointerException done
Event: 0.091 loading class java/lang/ArithmeticException
Event: 0.091 loading class java/lang/ArithmeticException done


Dynamic libraries:
0x00007ff685990000 - 0x00007ff6859c7000 	C:\Program Files\Java\jre1.8.0_171\bin\javaw.exe
0x00007ffafd110000 - 0x00007ffafd2f0000 	C:\Windows\SYSTEM32\ntdll.dll
0x00007ffafced0000 - 0x00007ffafcf7e000 	C:\Windows\System32\KERNEL32.DLL
0x00007ffaf9760000 - 0x00007ffaf99c6000 	C:\Windows\System32\KERNELBASE.dll
0x00007ffafafa0000 - 0x00007ffafb041000 	C:\Windows\System32\ADVAPI32.dll
0x00007ffafcf80000 - 0x00007ffafd01d000 	C:\Windows\System32\msvcrt.dll
0x00007ffafa5e0000 - 0x00007ffafa63b000 	C:\Windows\System32\sechost.dll
0x00007ffafc9d0000 - 0x00007ffafcaef000 	C:\Windows\System32\RPCRT4.dll
0x00007ffafcd40000 - 0x00007ffafcecf000 	C:\Windows\System32\USER32.dll
0x00007ffaf9cd0000 - 0x00007ffaf9cf0000 	C:\Windows\System32\win32u.dll
0x00007ffafd020000 - 0x00007ffafd048000 	C:\Windows\System32\GDI32.dll
0x00007ffafa440000 - 0x00007ffafa5d3000 	C:\Windows\System32\gdi32full.dll
0x00007ffaf96c0000 - 0x00007ffaf975b000 	C:\Windows\System32\msvcp_win.dll
0x00007ffaf95c0000 - 0x00007ffaf96b6000 	C:\Windows\System32\ucrtbase.dll
0x00007ffaeaff0000 - 0x00007ffaeb259000 	C:\Windows\WinSxS\amd64_microsoft.windows.common-controls_6595b64144ccf1df_6.0.16299.371_none_15c7d1789365a290\COMCTL32.dll
0x00007ffafa640000 - 0x00007ffafa948000 	C:\Windows\System32\combase.dll
0x00007ffaf99d0000 - 0x00007ffaf9a42000 	C:\Windows\System32\bcryptPrimitives.dll
0x00007ffafcc70000 - 0x00007ffafcc9d000 	C:\Windows\System32\IMM32.DLL
0x0000000074e30000 - 0x0000000074f02000 	C:\Program Files\Java\jre1.8.0_171\bin\msvcr100.dll
0x0000000074f10000 - 0x00000000757b0000 	C:\Program Files\Java\jre1.8.0_171\bin\server\jvm.dll
0x00007ffafcaf0000 - 0x00007ffafcaf8000 	C:\Windows\System32\PSAPI.DLL
0x00007ffaeb770000 - 0x00007ffaeb779000 	C:\Windows\SYSTEM32\WSOCK32.dll
0x00007ffaf6370000 - 0x00007ffaf6393000 	C:\Windows\SYSTEM32\WINMM.dll
0x00007ffafd050000 - 0x00007ffafd0bc000 	C:\Windows\System32\WS2_32.dll
0x00007ffaecb10000 - 0x00007ffaecb1a000 	C:\Windows\SYSTEM32\VERSION.dll
0x00007ffaf6340000 - 0x00007ffaf636a000 	C:\Windows\SYSTEM32\WINMMBASE.dll
0x00007ffaf9a50000 - 0x00007ffaf9a9a000 	C:\Windows\System32\cfgmgr32.dll
0x0000000074e20000 - 0x0000000074e2f000 	C:\Program Files\Java\jre1.8.0_171\bin\verify.dll
0x0000000074df0000 - 0x0000000074e19000 	C:\Program Files\Java\jre1.8.0_171\bin\java.dll
0x0000000074dd0000 - 0x0000000074de6000 	C:\Program Files\Java\jre1.8.0_171\bin\zip.dll

VM Arguments:
jvm_args: -Dfile.encoding=Cp1252 
java_command: formularioPessoas.Usuario
java_class_path (initial): C:\Program Files\Java\jre1.8.0_171\lib\resources.jar;C:\Program Files\Java\jre1.8.0_171\lib\rt.jar;C:\Program Files\Java\jre1.8.0_171\lib\jsse.jar;C:\Program Files\Java\jre1.8.0_171\lib\jce.jar;C:\Program Files\Java\jre1.8.0_171\lib\charsets.jar;C:\Program Files\Java\jre1.8.0_171\lib\jfr.jar;C:\Program Files\Java\jre1.8.0_171\lib\ext\access-bridge-64.jar;C:\Program Files\Java\jre1.8.0_171\lib\ext\cldrdata.jar;C:\Program Files\Java\jre1.8.0_171\lib\ext\dnsns.jar;C:\Program Files\Java\jre1.8.0_171\lib\ext\jaccess.jar;C:\Program Files\Java\jre1.8.0_171\lib\ext\jfxrt.jar;C:\Program Files\Java\jre1.8.0_171\lib\ext\localedata.jar;C:\Program Files\Java\jre1.8.0_171\lib\ext\nashorn.jar;C:\Program Files\Java\jre1.8.0_171\lib\ext\sunec.jar;C:\Program Files\Java\jre1.8.0_171\lib\ext\sunjce_provider.jar;C:\Program Files\Java\jre1.8.0_171\lib\ext\sunmscapi.jar;C:\Program Files\Java\jre1.8.0_171\lib\ext\sunpkcs11.jar;C:\Program Files\Java\jre1.8.0_171\lib\ext\zipfs.jar;C:\Users\samuk\eclipse-workspace\formularioPessoas\bin
Launcher Type: SUN_STANDARD

Environment Variables:
PATH=C:/Program Files/Java/jre1.8.0_171/bin/server;C:/Program Files/Java/jre1.8.0_171/bin;C:/Program Files/Java/jre1.8.0_171/lib/amd64;C:\Windows\system32;C:\Windows;C:\Windows\System32\Wbem;C:\Windows\System32\WindowsPowerShell\v1.0\;C:\Program Files\Git\cmd;C:\Users\samuk\AppData\Local\Microsoft\WindowsApps;;C:\Users\samuk\Downloads;
USERNAME=samuk
OS=Windows_NT
PROCESSOR_IDENTIFIER=Intel64 Family 6 Model 69 Stepping 1, GenuineIntel



---------------  S Y S T E M  ---------------

OS: Windows 10.0 , 64 bit Build 16299 (10.0.16299.15)

CPU:total 4 (initial active 4) (2 cores per cpu, 2 threads per core) family 6 model 69 stepping 1, cmov, cx8, fxsr, mmx, sse, sse2, sse3, ssse3, sse4.1, sse4.2, popcnt, avx, avx2, aes, clmul, erms, lzcnt, ht, tsc, tscinvbit, bmi1, bmi2

Memory: 4k page, physical 4096180k(579852k free), swap 16679092k(5852k free)

vm_info: Java HotSpot(TM) 64-Bit Server VM (25.171-b11) for windows-amd64 JRE (1.8.0_171-b11), built on Mar 28 2018 16:06:12 by "java_re" with MS VC++ 10.0 (VS2010)

time: Wed May 09 00:23:31 2018
elapsed time: 0 seconds (0d 0h 0m 0s)

