#
# There is insufficient memory for the Java Runtime Environment to continue.
# Native memory allocation (malloc) failed to allocate 62016 bytes for Chunk::new
# Possible reasons:
#   The system is out of physical RAM or swap space
#   In 32 bit mode, the process size limit was hit
# Possible solutions:
#   Reduce memory load on the system
#   Increase physical memory or swap space
#   Check if swap backing store is full
#   Use 64 bit Java on a 64 bit OS
#   Decrease Java heap size (-Xmx/-Xms)
#   Decrease number of Java threads
#   Decrease Java thread stack sizes (-Xss)
#   Set larger code cache with -XX:ReservedCodeCacheSize=
# This output file may be truncated or incomplete.
#
#  Out of Memory Error (allocation.cpp:390), pid=15220, tid=0x0000000000001790
#
# JRE version: Java(TM) SE Runtime Environment (8.0_171-b11) (build 1.8.0_171-b11)
# Java VM: Java HotSpot(TM) 64-Bit Server VM (25.171-b11 mixed mode windows-amd64 compressed oops)
# Failed to write core dump. Minidumps are not enabled by default on client versions of Windows
#

---------------  T H R E A D  ---------------

Current thread (0x00000000174cf000):  JavaThread "C2 CompilerThread0" daemon [_thread_in_native, id=6032, stack(0x0000000018c20000,0x0000000018d20000)]

Stack: [0x0000000018c20000,0x0000000018d20000]
[error occurred during error reporting (printing stack bounds), id 0xc0000005]

Native frames: (J=compiled Java code, j=interpreted, Vv=VM code, C=native code)


Current CompileTask:
C2:    455  185       4       jdk.internal.org.objectweb.asm.ByteVector::putUTF8 (142 bytes)


---------------  P R O C E S S  ---------------

Java Threads: ( => current thread )
  0x0000000018f46000 JavaThread "Service Thread" daemon [_thread_blocked, id=7784, stack(0x0000000019320000,0x0000000019420000)]
  0x00000000174d8800 JavaThread "C1 CompilerThread2" daemon [_thread_blocked, id=9580, stack(0x0000000018e20000,0x0000000018f20000)]
  0x00000000174d6000 JavaThread "C2 CompilerThread1" daemon [_thread_blocked, id=14572, stack(0x0000000018d20000,0x0000000018e20000)]
=>0x00000000174cf000 JavaThread "C2 CompilerThread0" daemon [_thread_in_native, id=6032, stack(0x0000000018c20000,0x0000000018d20000)]
  0x00000000174cd000 JavaThread "Attach Listener" daemon [_thread_blocked, id=6676, stack(0x0000000018b20000,0x0000000018c20000)]
  0x00000000174cb800 JavaThread "Signal Dispatcher" daemon [_thread_blocked, id=1004, stack(0x0000000018a20000,0x0000000018b20000)]
  0x00000000174ba800 JavaThread "Finalizer" daemon [_thread_blocked, id=6872, stack(0x0000000018720000,0x0000000018820000)]
  0x0000000004ec0000 JavaThread "Reference Handler" daemon [_thread_blocked, id=5464, stack(0x0000000018620000,0x0000000018720000)]
  0x0000000004dce000 JavaThread "main" [_thread_in_Java, id=9472, stack(0x0000000004c50000,0x0000000004d50000)]

Other Threads:
  0x0000000017498000 VMThread [stack: 0x0000000018520000,0x0000000018620000] [id=15156]
  0x0000000018f72000 WatcherThread [stack: 0x0000000019420000,0x0000000019520000] [id=10960]

VM state:not at safepoint (normal execution)

VM Mutex/Monitor currently owned by a thread: None

Heap:
 PSYoungGen      total 18944K, used 2295K [0x00000000eb200000, 0x00000000ec700000, 0x0000000100000000)
  eden space 16384K, 14% used [0x00000000eb200000,0x00000000eb43dfb0,0x00000000ec200000)
  from space 2560K, 0% used [0x00000000ec480000,0x00000000ec480000,0x00000000ec700000)
  to   space 2560K, 0% used [0x00000000ec200000,0x00000000ec200000,0x00000000ec480000)
 ParOldGen       total 44032K, used 0K [0x00000000c1600000, 0x00000000c4100000, 0x00000000eb200000)
  object space 44032K, 0% used [0x00000000c1600000,0x00000000c1600000,0x00000000c4100000)
 Metaspace       used 4135K, capacity 4680K, committed 4992K, reserved 1056768K
  class space    used 483K, capacity 516K, committed 640K, reserved 1048576K

Card table byte_map: [0x0000000014290000,0x0000000014490000] byte_map_base: 0x0000000013c85000

Marking Bits: (ParMarkBitMap*) 0x00000000757308c0
 Begin Bits: [0x00000000149e0000, 0x0000000015988000)
 End Bits:   [0x0000000015988000, 0x0000000016930000)

Polling page: 0x0000000003030000

CodeCache: size=245760Kb used=1376Kb max_used=1376Kb free=244383Kb
 bounds [0x0000000004ed0000, 0x0000000005140000, 0x0000000013ed0000]
 total_blobs=449 nmethods=187 adapters=175
 compilation: enabled

Compilation events (10 events):
Event: 0.437 Thread 0x00000000174d8800  171       3       jdk.internal.org.objectweb.asm.Item::isEqualTo (354 bytes)
Event: 0.438 Thread 0x00000000174d8800 nmethod 171 0x0000000005018710 code [0x0000000005018940, 0x0000000005019608]
Event: 0.438 Thread 0x00000000174d8800  170       3       jdk.internal.org.objectweb.asm.Frame::execute (2252 bytes)
Event: 0.441 Thread 0x00000000174d6000  181       4       java.lang.String::indexOf (70 bytes)
Event: 0.445 Thread 0x00000000174d6000 nmethod 181 0x000000000501f090 code [0x000000000501f1e0, 0x000000000501f398]
Event: 0.446 Thread 0x00000000174cf000  185       4       jdk.internal.org.objectweb.asm.ByteVector::putUTF8 (142 bytes)
Event: 0.450 Thread 0x00000000174d8800 nmethod 170 0x000000000501f490 code [0x0000000005020220, 0x00000000050258b8]
Event: 0.450 Thread 0x00000000174d8800  176       3       java.util.Arrays$ArrayList::get (7 bytes)
Event: 0.451 Thread 0x00000000174d8800 nmethod 176 0x000000000501eb50 code [0x000000000501eca0, 0x000000000501ee10]
Event: 0.451 Thread 0x00000000174d8800  177   !   3       java.util.AbstractList$Itr::next (45 bytes)

GC Heap History (0 events):
No events

Deoptimization events (0 events):
No events

Classes redefined (0 events):
No events

Internal exceptions (9 events):
Event: 0.099 Thread 0x0000000004dce000 Exception <a 'java/lang/NoSuchMethodError': Method sun.misc.Unsafe.defineClass(Ljava/lang/String;[BII)Ljava/lang/Class; name or signature does not match> (0x00000000eb207cb0) thrown at [C:\re\workspace\8-2-build-windows-amd64-cygwin\jdk8u171\10807\hotspot
Event: 0.099 Thread 0x0000000004dce000 Exception <a 'java/lang/NoSuchMethodError': Method sun.misc.Unsafe.prefetchRead(Ljava/lang/Object;J)V name or signature does not match> (0x00000000eb207f98) thrown at [C:\re\workspace\8-2-build-windows-amd64-cygwin\jdk8u171\10807\hotspot\src\share\vm\prim
Event: 0.305 Thread 0x0000000004dce000 Exception <a 'java/security/PrivilegedActionException'> (0x00000000eb2a0440) thrown at [C:\re\workspace\8-2-build-windows-amd64-cygwin\jdk8u171\10807\hotspot\src\share\vm\prims\jvm.cpp, line 1435]
Event: 0.305 Thread 0x0000000004dce000 Exception <a 'java/security/PrivilegedActionException'> (0x00000000eb2a0650) thrown at [C:\re\workspace\8-2-build-windows-amd64-cygwin\jdk8u171\10807\hotspot\src\share\vm\prims\jvm.cpp, line 1435]
Event: 0.307 Thread 0x0000000004dce000 Exception <a 'java/security/PrivilegedActionException'> (0x00000000eb2f61b0) thrown at [C:\re\workspace\8-2-build-windows-amd64-cygwin\jdk8u171\10807\hotspot\src\share\vm\prims\jvm.cpp, line 1435]
Event: 0.308 Thread 0x0000000004dce000 Exception <a 'java/security/PrivilegedActionException'> (0x00000000eb2f63c0) thrown at [C:\re\workspace\8-2-build-windows-amd64-cygwin\jdk8u171\10807\hotspot\src\share\vm\prims\jvm.cpp, line 1435]
Event: 0.323 Thread 0x0000000004dce000 Exception <a 'java/io/FileNotFoundException'> (0x00000000eb2fc3b8) thrown at [C:\re\workspace\8-2-build-windows-amd64-cygwin\jdk8u171\10807\hotspot\src\share\vm\prims\jni.cpp, line 709]
Event: 0.442 Thread 0x0000000004dce000 Exception <a 'java/lang/NoSuchFieldError': method resolution failed> (0x00000000eb3cd2f8) thrown at [C:\re\workspace\8-2-build-windows-amd64-cygwin\jdk8u171\10807\hotspot\src\share\vm\prims\methodHandles.cpp, line 1167]
Event: 0.447 Thread 0x0000000004dce000 Exception <a 'java/lang/NoSuchFieldError': method resolution failed> (0x00000000eb3da6c8) thrown at [C:\re\workspace\8-2-build-windows-amd64-cygwin\jdk8u171\10807\hotspot\src\share\vm\prims\methodHandles.cpp, line 1167]

Events (10 events):
Event: 0.421 loading class java/lang/invoke/MethodHandleImpl$Lazy
Event: 0.421 loading class java/lang/invoke/MethodHandleImpl$Lazy done
Event: 0.421 loading class java/lang/invoke/MethodHandleImpl$IntrinsicMethodHandle
Event: 0.421 loading class java/lang/invoke/MethodHandleImpl$IntrinsicMethodHandle done
Event: 0.442 loading class java/lang/NoSuchFieldError
Event: 0.442 loading class java/lang/NoSuchFieldError done
Event: 0.442 loading class java/lang/IllegalAccessException
Event: 0.442 loading class java/lang/IllegalAccessException done
Event: 0.451 loading class java/lang/invoke/LambdaFormEditor
Event: 0.451 loading class java/lang/invoke/LambdaFormEditor done


Dynamic libraries:
0x00007ff685990000 - 0x00007ff6859c7000 	C:\Program Files\Java\jre1.8.0_171\bin\javaw.exe
0x00007ffafd110000 - 0x00007ffafd2f0000 	C:\Windows\SYSTEM32\ntdll.dll
0x00007ffafced0000 - 0x00007ffafcf7e000 	C:\Windows\System32\KERNEL32.DLL
0x00007ffaf9760000 - 0x00007ffaf99c6000 	C:\Windows\System32\KERNELBASE.dll
0x00007ffafafa0000 - 0x00007ffafb041000 	C:\Windows\System32\ADVAPI32.dll
0x00007ffafcf80000 - 0x00007ffafd01d000 	C:\Windows\System32\msvcrt.dll
0x00007ffafa5e0000 - 0x00007ffafa63b000 	C:\Windows\System32\sechost.dll
0x00007ffafc9d0000 - 0x00007ffafcaef000 	C:\Windows\System32\RPCRT4.dll
0x00007ffafcd40000 - 0x00007ffafcecf000 	C:\Windows\System32\USER32.dll
0x00007ffaf9cd0000 - 0x00007ffaf9cf0000 	C:\Windows\System32\win32u.dll
0x00007ffafd020000 - 0x00007ffafd048000 	C:\Windows\System32\GDI32.dll
0x00007ffafa440000 - 0x00007ffafa5d3000 	C:\Windows\System32\gdi32full.dll
0x00007ffaf96c0000 - 0x00007ffaf975b000 	C:\Windows\System32\msvcp_win.dll
0x00007ffaf95c0000 - 0x00007ffaf96b6000 	C:\Windows\System32\ucrtbase.dll
0x00007ffaeaff0000 - 0x00007ffaeb259000 	C:\Windows\WinSxS\amd64_microsoft.windows.common-controls_6595b64144ccf1df_6.0.16299.371_none_15c7d1789365a290\COMCTL32.dll
0x00007ffafa640000 - 0x00007ffafa948000 	C:\Windows\System32\combase.dll
0x00007ffaf99d0000 - 0x00007ffaf9a42000 	C:\Windows\System32\bcryptPrimitives.dll
0x00007ffafcc70000 - 0x00007ffafcc9d000 	C:\Windows\System32\IMM32.DLL
0x0000000074e30000 - 0x0000000074f02000 	C:\Program Files\Java\jre1.8.0_171\bin\msvcr100.dll
0x0000000074f10000 - 0x00000000757b0000 	C:\Program Files\Java\jre1.8.0_171\bin\server\jvm.dll
0x00007ffafcaf0000 - 0x00007ffafcaf8000 	C:\Windows\System32\PSAPI.DLL
0x00007ffaf6370000 - 0x00007ffaf6393000 	C:\Windows\SYSTEM32\WINMM.dll
0x00007ffaecb10000 - 0x00007ffaecb1a000 	C:\Windows\SYSTEM32\VERSION.dll
0x00007ffaeb770000 - 0x00007ffaeb779000 	C:\Windows\SYSTEM32\WSOCK32.dll
0x00007ffafd050000 - 0x00007ffafd0bc000 	C:\Windows\System32\WS2_32.dll
0x00007ffaf6340000 - 0x00007ffaf636a000 	C:\Windows\SYSTEM32\WINMMBASE.dll
0x00007ffaf9a50000 - 0x00007ffaf9a9a000 	C:\Windows\System32\cfgmgr32.dll
0x0000000074e20000 - 0x0000000074e2f000 	C:\Program Files\Java\jre1.8.0_171\bin\verify.dll
0x0000000074df0000 - 0x0000000074e19000 	C:\Program Files\Java\jre1.8.0_171\bin\java.dll
0x0000000074dd0000 - 0x0000000074de6000 	C:\Program Files\Java\jre1.8.0_171\bin\zip.dll
0x00007ffafb160000 - 0x00007ffafc596000 	C:\Windows\System32\SHELL32.dll
0x00007ffafb0b0000 - 0x00007ffafb156000 	C:\Windows\System32\shcore.dll
0x00007ffaf9cf0000 - 0x00007ffafa437000 	C:\Windows\System32\windows.storage.dll
0x00007ffafb050000 - 0x00007ffafb0a1000 	C:\Windows\System32\shlwapi.dll
0x00007ffaf94f0000 - 0x00007ffaf9501000 	C:\Windows\System32\kernel.appcore.dll
0x00007ffaf94a0000 - 0x00007ffaf94ec000 	C:\Windows\System32\powrprof.dll
0x00007ffaf9480000 - 0x00007ffaf949b000 	C:\Windows\System32\profapi.dll
0x0000000075eb0000 - 0x0000000076048000 	C:\Program Files\Java\jre1.8.0_171\bin\awt.dll
0x00007ffafcb90000 - 0x00007ffafcc55000 	C:\Windows\System32\OLEAUT32.dll
0x00007ffaf78f0000 - 0x00007ffaf7978000 	C:\Windows\SYSTEM32\apphelp.dll

VM Arguments:
jvm_args: -Dfile.encoding=Cp1252 
java_command: formularioPessoas.Usuario
java_class_path (initial): C:\Program Files\Java\jre1.8.0_171\lib\resources.jar;C:\Program Files\Java\jre1.8.0_171\lib\rt.jar;C:\Program Files\Java\jre1.8.0_171\lib\jsse.jar;C:\Program Files\Java\jre1.8.0_171\lib\jce.jar;C:\Program Files\Java\jre1.8.0_171\lib\charsets.jar;C:\Program Files\Java\jre1.8.0_171\lib\jfr.jar;C:\Program Files\Java\jre1.8.0_171\lib\ext\access-bridge-64.jar;C:\Program Files\Java\jre1.8.0_171\lib\ext\cldrdata.jar;C:\Program Files\Java\jre1.8.0_171\lib\ext\dnsns.jar;C:\Program Files\Java\jre1.8.0_171\lib\ext\jaccess.jar;C:\Program Files\Java\jre1.8.0_171\lib\ext\jfxrt.jar;C:\Program Files\Java\jre1.8.0_171\lib\ext\localedata.jar;C:\Program Files\Java\jre1.8.0_171\lib\ext\nashorn.jar;C:\Program Files\Java\jre1.8.0_171\lib\ext\sunec.jar;C:\Program Files\Java\jre1.8.0_171\lib\ext\sunjce_provider.jar;C:\Program Files\Java\jre1.8.0_171\lib\ext\sunmscapi.jar;C:\Program Files\Java\jre1.8.0_171\lib\ext\sunpkcs11.jar;C:\Program Files\Java\jre1.8.0_171\lib\ext\zipfs.jar;C:\Users\samuk\eclipse-workspace\formularioPessoas\bin
Launcher Type: SUN_STANDARD

Environment Variables:
PATH=C:/Program Files/Java/jre1.8.0_171/bin/server;C:/Program Files/Java/jre1.8.0_171/bin;C:/Program Files/Java/jre1.8.0_171/lib/amd64;C:\Windows\system32;C:\Windows;C:\Windows\System32\Wbem;C:\Windows\System32\WindowsPowerShell\v1.0\;C:\Program Files\Git\cmd;C:\Users\samuk\AppData\Local\Microsoft\WindowsApps;;C:\Users\samuk\Downloads;
USERNAME=samuk
OS=Windows_NT
PROCESSOR_IDENTIFIER=Intel64 Family 6 Model 69 Stepping 1, GenuineIntel



---------------  S Y S T E M  ---------------

OS: Windows 10.0 , 64 bit Build 16299 (10.0.16299.15)

CPU:total 4 (initial active 4) (2 cores per cpu, 2 threads per core) family 6 model 69 stepping 1, cmov, cx8, fxsr, mmx, sse, sse2, sse3, ssse3, sse4.1, sse4.2, popcnt, avx, avx2, aes, clmul, erms, lzcnt, ht, tsc, tscinvbit, bmi1, bmi2

Memory: 4k page, physical 4096180k(576884k free), swap 16679092k(4100k free)

vm_info: Java HotSpot(TM) 64-Bit Server VM (25.171-b11) for windows-amd64 JRE (1.8.0_171-b11), built on Mar 28 2018 16:06:12 by "java_re" with MS VC++ 10.0 (VS2010)

time: Wed May 09 00:23:31 2018
elapsed time: 0 seconds (0d 0h 0m 0s)

